# JRE version: Java(TM) SE Runtime Environment (16.0.2+7) (build 16.0.2+7-67)
# Java VM: Java HotSpot(TM) 64-Bit Server VM (16.0.2+7-67, mixed mode, sharing, tiered, compressed oops, compressed class ptrs, g1 gc, windows-amd64)
GC Precious Log:
 CPUs: 32 total, 32 available
 Memory: 65243M
 Large Page Support: Disabled
 NUMA Support: Disabled
 Compressed Oops: Enabled (Zero based)
 Heap Region Size: 8M
 Heap Min Capacity: 8M
 Heap Initial Capacity: 1G
 Heap Max Capacity: 16312M
 Pre-touch: Disabled
 Parallel Workers: 23
 Concurrent Workers: 6
 Concurrent Refinement Workers: 23
 Periodic GC: Disabled
Heap:
 garbage-first heap   total 598016K, used 377732K [0x0000000404800000, 0x0000000800000000)
  region size 8192K, 43 young (352256K), 3 survivors (24576K)
 Metaspace       used 44891K, committed 45440K, reserved 1089536K
  class space    used 5799K, committed 6080K, reserved 1048576K
GC Heap History (20 events):
Event: 2.655 GC heap after
{Heap after GC invocations=7 (full 0):
 garbage-first heap   total 139264K, used 31680K [0x0000000404800000, 0x0000000800000000)
  region size 8192K, 2 young (16384K), 2 survivors (16384K)
 Metaspace       used 35208K, committed 35520K, reserved 1081344K
  class space    used 4841K, committed 4992K, reserved 1048576K
}
Event: 2.825 GC heap before
{Heap before GC invocations=8 (full 0):
 garbage-first heap   total 139264K, used 80832K [0x0000000404800000, 0x0000000800000000)
  region size 8192K, 8 young (65536K), 2 survivors (16384K)
 Metaspace       used 36187K, committed 36480K, reserved 1081344K
  class space    used 4986K, committed 5120K, reserved 1048576K
}
Event: 2.831 GC heap after
{Heap after GC invocations=9 (full 0):
 garbage-first heap   total 139264K, used 34477K [0x0000000404800000, 0x0000000800000000)
  region size 8192K, 1 young (8192K), 1 survivors (8192K)
 Metaspace       used 36187K, committed 36480K, reserved 1081344K
  class space    used 4986K, committed 5120K, reserved 1048576K
}
Event: 2.925 GC heap before
{Heap before GC invocations=9 (full 0):
 garbage-first heap   total 139264K, used 91821K [0x0000000404800000, 0x0000000800000000)
  region size 8192K, 8 young (65536K), 1 survivors (8192K)
 Metaspace       used 36259K, committed 36544K, reserved 1081344K
  class space    used 4991K, committed 5120K, reserved 1048576K
}
Event: 2.929 GC heap after
{Heap after GC invocations=10 (full 0):
 garbage-first heap   total 598016K, used 37655K [0x0000000404800000, 0x0000000800000000)
  region size 8192K, 1 young (8192K), 1 survivors (8192K)
 Metaspace       used 36259K, committed 36544K, reserved 1081344K
  class space    used 4991K, committed 5120K, reserved 1048576K
}
Event: 7.433 GC heap before
{Heap before GC invocations=10 (full 0):
 garbage-first heap   total 598016K, used 381719K [0x0000000404800000, 0x0000000800000000)
  region size 8192K, 43 young (352256K), 1 survivors (8192K)
 Metaspace       used 43503K, committed 43968K, reserved 1089536K
  class space    used 5667K, committed 5888K, reserved 1048576K
}
Event: 7.436 GC heap after
{Heap after GC invocations=11 (full 0):
 garbage-first heap   total 598016K, used 42420K [0x0000000404800000, 0x0000000800000000)
  region size 8192K, 2 young (16384K), 2 survivors (16384K)
 Metaspace       used 43503K, committed 43968K, reserved 1089536K
  class space    used 5667K, committed 5888K, reserved 1048576K
}
Event: 7.750 GC heap before
{Heap before GC invocations=11 (full 0):
 garbage-first heap   total 598016K, used 378292K [0x0000000404800000, 0x0000000800000000)
  region size 8192K, 43 young (352256K), 2 survivors (16384K)
 Metaspace       used 43561K, committed 44032K, reserved 1089536K
  class space    used 5667K, committed 5888K, reserved 1048576K
}
Event: 7.753 GC heap after
{Heap after GC invocations=12 (full 0):
 garbage-first heap   total 598016K, used 43432K [0x0000000404800000, 0x0000000800000000)
  region size 8192K, 2 young (16384K), 2 survivors (16384K)
 Metaspace       used 43561K, committed 44032K, reserved 1089536K
  class space    used 5667K, committed 5888K, reserved 1048576K
}
Event: 8.034 GC heap before
{Heap before GC invocations=12 (full 0):
 garbage-first heap   total 598016K, used 379304K [0x0000000404800000, 0x0000000800000000)
  region size 8192K, 43 young (352256K), 2 survivors (16384K)
 Metaspace       used 43568K, committed 44032K, reserved 1089536K
  class space    used 5667K, committed 5888K, reserved 1048576K
}
Event: 8.036 GC heap after
{Heap after GC invocations=13 (full 0):
 garbage-first heap   total 598016K, used 44727K [0x0000000404800000, 0x0000000800000000)
  region size 8192K, 2 young (16384K), 2 survivors (16384K)
 Metaspace       used 43568K, committed 44032K, reserved 1089536K
  class space    used 5667K, committed 5888K, reserved 1048576K
}
Event: 8.321 GC heap before
{Heap before GC invocations=13 (full 0):
 garbage-first heap   total 598016K, used 380599K [0x0000000404800000, 0x0000000800000000)
  region size 8192K, 43 young (352256K), 2 survivors (16384K)
 Metaspace       used 43570K, committed 44032K, reserved 1089536K
  class space    used 5667K, committed 5888K, reserved 1048576K
}
Event: 8.324 GC heap after
{Heap after GC invocations=14 (full 0):
 garbage-first heap   total 598016K, used 46315K [0x0000000404800000, 0x0000000800000000)
  region size 8192K, 2 young (16384K), 2 survivors (16384K)
 Metaspace       used 43570K, committed 44032K, reserved 1089536K
  class space    used 5667K, committed 5888K, reserved 1048576K
}
Event: 8.613 GC heap before
{Heap before GC invocations=14 (full 0):
 garbage-first heap   total 598016K, used 382187K [0x0000000404800000, 0x0000000800000000)
  region size 8192K, 43 young (352256K), 2 survivors (16384K)
 Metaspace       used 44876K, committed 45440K, reserved 1089536K
  class space    used 5799K, committed 6080K, reserved 1048576K
}
Event: 8.615 GC heap after
{Heap after GC invocations=15 (full 0):
 garbage-first heap   total 598016K, used 47526K [0x0000000404800000, 0x0000000800000000)
  region size 8192K, 3 young (24576K), 3 survivors (24576K)
 Metaspace       used 44876K, committed 45440K, reserved 1089536K
  class space    used 5799K, committed 6080K, reserved 1048576K
}
Event: 8.874 GC heap before
{Heap before GC invocations=15 (full 0):
 garbage-first heap   total 598016K, used 375206K [0x0000000404800000, 0x0000000800000000)
  region size 8192K, 43 young (352256K), 3 survivors (24576K)
 Metaspace       used 44885K, committed 45440K, reserved 1089536K
  class space    used 5799K, committed 6080K, reserved 1048576K
}
Event: 8.877 GC heap after
{Heap after GC invocations=16 (full 0):
 garbage-first heap   total 598016K, used 48721K [0x0000000404800000, 0x0000000800000000)
  region size 8192K, 3 young (24576K), 3 survivors (24576K)
 Metaspace       used 44885K, committed 45440K, reserved 1089536K
  class space    used 5799K, committed 6080K, reserved 1048576K
}
Event: 9.120 GC heap before
{Heap before GC invocations=16 (full 0):
 garbage-first heap   total 598016K, used 376401K [0x0000000404800000, 0x0000000800000000)
  region size 8192K, 43 young (352256K), 3 survivors (24576K)
 Metaspace       used 44885K, committed 45440K, reserved 1089536K
  class space    used 5799K, committed 6080K, reserved 1048576K
}
Event: 9.123 GC heap after
{Heap after GC invocations=17 (full 0):
 garbage-first heap   total 598016K, used 50052K [0x0000000404800000, 0x0000000800000000)
  region size 8192K, 3 young (24576K), 3 survivors (24576K)
 Metaspace       used 44885K, committed 45440K, reserved 1089536K
  class space    used 5799K, committed 6080K, reserved 1048576K
}
Event: 9.375 GC heap before
{Heap before GC invocations=17 (full 0):
 garbage-first heap   total 598016K, used 377732K [0x0000000404800000, 0x0000000800000000)
  region size 8192K, 43 young (352256K), 3 survivors (24576K)
 Metaspace       used 44891K, committed 45440K, reserved 1089536K
  class space    used 5799K, committed 6080K, reserved 1048576K
}

